<?xml version="1.0" encoding="UTF-8"?>
<testsuite xmlns:xsi="http://www.w3.org/2001/XMLSchema-instance" xsi:noNamespaceSchemaLocation="https://maven.apache.org/surefire/maven-surefire-plugin/xsd/surefire-test-report.xsd" version="3.0.2" name="TestSuite" time="45.029" tests="3" errors="0" skipped="0" failures="0">
  <properties>
    <property name="java.specification.version" value="23"/>
    <property name="sun.jnu.encoding" value="UTF-8"/>
    <property name="sun.awt.enableExtraMouseButtons" value="true"/>
    <property name="java.class.path" value="/Users/vikash/eclipse-workspace/paraBankAutomation/target/test-classes:/Users/vikash/eclipse-workspace/paraBankAutomation/target/classes:/Users/vikash/.m2/repository/org/seleniumhq/selenium/selenium-java/4.28.1/selenium-java-4.28.1.jar:/Users/vikash/.m2/repository/org/seleniumhq/selenium/selenium-api/4.28.1/selenium-api-4.28.1.jar:/Users/vikash/.m2/repository/org/jspecify/jspecify/1.0.0/jspecify-1.0.0.jar:/Users/vikash/.m2/repository/org/seleniumhq/selenium/selenium-chrome-driver/4.28.1/selenium-chrome-driver-4.28.1.jar:/Users/vikash/.m2/repository/com/google/auto/service/auto-service-annotations/1.1.1/auto-service-annotations-1.1.1.jar:/Users/vikash/.m2/repository/org/seleniumhq/selenium/selenium-chromium-driver/4.28.1/selenium-chromium-driver-4.28.1.jar:/Users/vikash/.m2/repository/org/seleniumhq/selenium/selenium-json/4.28.1/selenium-json-4.28.1.jar:/Users/vikash/.m2/repository/org/seleniumhq/selenium/selenium-manager/4.28.1/selenium-manager-4.28.1.jar:/Users/vikash/.m2/repository/org/seleniumhq/selenium/selenium-devtools-v130/4.28.1/selenium-devtools-v130-4.28.1.jar:/Users/vikash/.m2/repository/org/seleniumhq/selenium/selenium-devtools-v131/4.28.1/selenium-devtools-v131-4.28.1.jar:/Users/vikash/.m2/repository/org/seleniumhq/selenium/selenium-devtools-v132/4.28.1/selenium-devtools-v132-4.28.1.jar:/Users/vikash/.m2/repository/org/seleniumhq/selenium/selenium-devtools-v85/4.28.1/selenium-devtools-v85-4.28.1.jar:/Users/vikash/.m2/repository/org/seleniumhq/selenium/selenium-edge-driver/4.28.1/selenium-edge-driver-4.28.1.jar:/Users/vikash/.m2/repository/org/seleniumhq/selenium/selenium-firefox-driver/4.28.1/selenium-firefox-driver-4.28.1.jar:/Users/vikash/.m2/repository/org/seleniumhq/selenium/selenium-http/4.28.1/selenium-http-4.28.1.jar:/Users/vikash/.m2/repository/org/seleniumhq/selenium/selenium-ie-driver/4.28.1/selenium-ie-driver-4.28.1.jar:/Users/vikash/.m2/repository/org/seleniumhq/selenium/selenium-remote-driver/4.28.1/selenium-remote-driver-4.28.1.jar:/Users/vikash/.m2/repository/com/google/guava/guava/33.4.0-jre/guava-33.4.0-jre.jar:/Users/vikash/.m2/repository/com/google/guava/failureaccess/1.0.2/failureaccess-1.0.2.jar:/Users/vikash/.m2/repository/com/google/guava/listenablefuture/9999.0-empty-to-avoid-conflict-with-guava/listenablefuture-9999.0-empty-to-avoid-conflict-with-guava.jar:/Users/vikash/.m2/repository/com/google/code/findbugs/jsr305/3.0.2/jsr305-3.0.2.jar:/Users/vikash/.m2/repository/org/checkerframework/checker-qual/3.43.0/checker-qual-3.43.0.jar:/Users/vikash/.m2/repository/com/google/errorprone/error_prone_annotations/2.36.0/error_prone_annotations-2.36.0.jar:/Users/vikash/.m2/repository/com/google/j2objc/j2objc-annotations/3.0.0/j2objc-annotations-3.0.0.jar:/Users/vikash/.m2/repository/io/opentelemetry/semconv/opentelemetry-semconv/1.28.0-alpha/opentelemetry-semconv-1.28.0-alpha.jar:/Users/vikash/.m2/repository/io/opentelemetry/opentelemetry-api/1.46.0/opentelemetry-api-1.46.0.jar:/Users/vikash/.m2/repository/io/opentelemetry/opentelemetry-context/1.46.0/opentelemetry-context-1.46.0.jar:/Users/vikash/.m2/repository/io/opentelemetry/opentelemetry-exporter-logging/1.46.0/opentelemetry-exporter-logging-1.46.0.jar:/Users/vikash/.m2/repository/io/opentelemetry/opentelemetry-sdk-common/1.46.0/opentelemetry-sdk-common-1.46.0.jar:/Users/vikash/.m2/repository/io/opentelemetry/opentelemetry-sdk-extension-autoconfigure-spi/1.46.0/opentelemetry-sdk-extension-autoconfigure-spi-1.46.0.jar:/Users/vikash/.m2/repository/io/opentelemetry/opentelemetry-sdk-extension-autoconfigure/1.46.0/opentelemetry-sdk-extension-autoconfigure-1.46.0.jar:/Users/vikash/.m2/repository/io/opentelemetry/opentelemetry-api-incubator/1.46.0-alpha/opentelemetry-api-incubator-1.46.0-alpha.jar:/Users/vikash/.m2/repository/io/opentelemetry/opentelemetry-sdk-trace/1.46.0/opentelemetry-sdk-trace-1.46.0.jar:/Users/vikash/.m2/repository/io/opentelemetry/opentelemetry-sdk/1.46.0/opentelemetry-sdk-1.46.0.jar:/Users/vikash/.m2/repository/io/opentelemetry/opentelemetry-sdk-metrics/1.46.0/opentelemetry-sdk-metrics-1.46.0.jar:/Users/vikash/.m2/repository/io/opentelemetry/opentelemetry-sdk-logs/1.46.0/opentelemetry-sdk-logs-1.46.0.jar:/Users/vikash/.m2/repository/net/bytebuddy/byte-buddy/1.15.11/byte-buddy-1.15.11.jar:/Users/vikash/.m2/repository/org/seleniumhq/selenium/selenium-os/4.28.1/selenium-os-4.28.1.jar:/Users/vikash/.m2/repository/org/apache/commons/commons-exec/1.4.0/commons-exec-1.4.0.jar:/Users/vikash/.m2/repository/org/seleniumhq/selenium/selenium-safari-driver/4.28.1/selenium-safari-driver-4.28.1.jar:/Users/vikash/.m2/repository/org/seleniumhq/selenium/selenium-support/4.28.1/selenium-support-4.28.1.jar:/Users/vikash/.m2/repository/org/testng/testng/7.10.2/testng-7.10.2.jar:/Users/vikash/.m2/repository/org/slf4j/slf4j-api/1.7.36/slf4j-api-1.7.36.jar:/Users/vikash/.m2/repository/com/beust/jcommander/1.82/jcommander-1.82.jar:/Users/vikash/.m2/repository/org/webjars/jquery/3.7.1/jquery-3.7.1.jar:/Users/vikash/.m2/repository/org/apache/logging/log4j/log4j-api/2.24.3/log4j-api-2.24.3.jar:/Users/vikash/.m2/repository/org/apache/logging/log4j/log4j-core/2.24.3/log4j-core-2.24.3.jar:/Users/vikash/.m2/repository/org/apache/logging/log4j/log4j-slf4j-impl/2.24.3/log4j-slf4j-impl-2.24.3.jar:/Users/vikash/.m2/repository/com/aventstack/extentreports/5.1.2/extentreports-5.1.2.jar:/Users/vikash/.m2/repository/io/reactivex/rxjava3/rxjava/3.1.6/rxjava-3.1.6.jar:/Users/vikash/.m2/repository/org/reactivestreams/reactive-streams/1.0.4/reactive-streams-1.0.4.jar:/Users/vikash/.m2/repository/org/freemarker/freemarker/2.3.32/freemarker-2.3.32.jar:/Users/vikash/.m2/repository/org/projectlombok/lombok/1.18.26/lombok-1.18.26.jar:/Users/vikash/.m2/repository/com/google/code/gson/gson/2.10.1/gson-2.10.1.jar:/Users/vikash/.m2/repository/org/apache/commons/commons-lang3/3.12.0/commons-lang3-3.12.0.jar:"/>
    <property name="java.vm.vendor" value="Oracle Corporation"/>
    <property name="sun.arch.data.model" value="64"/>
    <property name="java.vendor.url" value="https://java.oracle.com/"/>
    <property name="user.timezone" value="Asia/Kolkata"/>
    <property name="os.name" value="Mac OS X"/>
    <property name="java.vm.specification.version" value="23"/>
    <property name="sun.java.launcher" value="SUN_STANDARD"/>
    <property name="user.country" value="IN"/>
    <property name="sun.boot.library.path" value="/Library/Java/JavaVirtualMachines/jdk-23.jdk/Contents/Home/lib"/>
    <property name="sun.java.command" value="/Users/vikash/eclipse-workspace/paraBankAutomation/target/surefire/surefirebooter-20250215015931831_3.jar /Users/vikash/eclipse-workspace/paraBankAutomation/target/surefire 2025-02-15T01-59-31_793-jvmRun1 surefire-20250215015931831_1tmp surefire_0-20250215015931831_2tmp"/>
    <property name="http.nonProxyHosts" value="local|*.local|169.254/16|*.169.254/16"/>
    <property name="jdk.debug" value="release"/>
    <property name="surefire.test.class.path" value="/Users/vikash/eclipse-workspace/paraBankAutomation/target/test-classes:/Users/vikash/eclipse-workspace/paraBankAutomation/target/classes:/Users/vikash/.m2/repository/org/seleniumhq/selenium/selenium-java/4.28.1/selenium-java-4.28.1.jar:/Users/vikash/.m2/repository/org/seleniumhq/selenium/selenium-api/4.28.1/selenium-api-4.28.1.jar:/Users/vikash/.m2/repository/org/jspecify/jspecify/1.0.0/jspecify-1.0.0.jar:/Users/vikash/.m2/repository/org/seleniumhq/selenium/selenium-chrome-driver/4.28.1/selenium-chrome-driver-4.28.1.jar:/Users/vikash/.m2/repository/com/google/auto/service/auto-service-annotations/1.1.1/auto-service-annotations-1.1.1.jar:/Users/vikash/.m2/repository/org/seleniumhq/selenium/selenium-chromium-driver/4.28.1/selenium-chromium-driver-4.28.1.jar:/Users/vikash/.m2/repository/org/seleniumhq/selenium/selenium-json/4.28.1/selenium-json-4.28.1.jar:/Users/vikash/.m2/repository/org/seleniumhq/selenium/selenium-manager/4.28.1/selenium-manager-4.28.1.jar:/Users/vikash/.m2/repository/org/seleniumhq/selenium/selenium-devtools-v130/4.28.1/selenium-devtools-v130-4.28.1.jar:/Users/vikash/.m2/repository/org/seleniumhq/selenium/selenium-devtools-v131/4.28.1/selenium-devtools-v131-4.28.1.jar:/Users/vikash/.m2/repository/org/seleniumhq/selenium/selenium-devtools-v132/4.28.1/selenium-devtools-v132-4.28.1.jar:/Users/vikash/.m2/repository/org/seleniumhq/selenium/selenium-devtools-v85/4.28.1/selenium-devtools-v85-4.28.1.jar:/Users/vikash/.m2/repository/org/seleniumhq/selenium/selenium-edge-driver/4.28.1/selenium-edge-driver-4.28.1.jar:/Users/vikash/.m2/repository/org/seleniumhq/selenium/selenium-firefox-driver/4.28.1/selenium-firefox-driver-4.28.1.jar:/Users/vikash/.m2/repository/org/seleniumhq/selenium/selenium-http/4.28.1/selenium-http-4.28.1.jar:/Users/vikash/.m2/repository/org/seleniumhq/selenium/selenium-ie-driver/4.28.1/selenium-ie-driver-4.28.1.jar:/Users/vikash/.m2/repository/org/seleniumhq/selenium/selenium-remote-driver/4.28.1/selenium-remote-driver-4.28.1.jar:/Users/vikash/.m2/repository/com/google/guava/guava/33.4.0-jre/guava-33.4.0-jre.jar:/Users/vikash/.m2/repository/com/google/guava/failureaccess/1.0.2/failureaccess-1.0.2.jar:/Users/vikash/.m2/repository/com/google/guava/listenablefuture/9999.0-empty-to-avoid-conflict-with-guava/listenablefuture-9999.0-empty-to-avoid-conflict-with-guava.jar:/Users/vikash/.m2/repository/com/google/code/findbugs/jsr305/3.0.2/jsr305-3.0.2.jar:/Users/vikash/.m2/repository/org/checkerframework/checker-qual/3.43.0/checker-qual-3.43.0.jar:/Users/vikash/.m2/repository/com/google/errorprone/error_prone_annotations/2.36.0/error_prone_annotations-2.36.0.jar:/Users/vikash/.m2/repository/com/google/j2objc/j2objc-annotations/3.0.0/j2objc-annotations-3.0.0.jar:/Users/vikash/.m2/repository/io/opentelemetry/semconv/opentelemetry-semconv/1.28.0-alpha/opentelemetry-semconv-1.28.0-alpha.jar:/Users/vikash/.m2/repository/io/opentelemetry/opentelemetry-api/1.46.0/opentelemetry-api-1.46.0.jar:/Users/vikash/.m2/repository/io/opentelemetry/opentelemetry-context/1.46.0/opentelemetry-context-1.46.0.jar:/Users/vikash/.m2/repository/io/opentelemetry/opentelemetry-exporter-logging/1.46.0/opentelemetry-exporter-logging-1.46.0.jar:/Users/vikash/.m2/repository/io/opentelemetry/opentelemetry-sdk-common/1.46.0/opentelemetry-sdk-common-1.46.0.jar:/Users/vikash/.m2/repository/io/opentelemetry/opentelemetry-sdk-extension-autoconfigure-spi/1.46.0/opentelemetry-sdk-extension-autoconfigure-spi-1.46.0.jar:/Users/vikash/.m2/repository/io/opentelemetry/opentelemetry-sdk-extension-autoconfigure/1.46.0/opentelemetry-sdk-extension-autoconfigure-1.46.0.jar:/Users/vikash/.m2/repository/io/opentelemetry/opentelemetry-api-incubator/1.46.0-alpha/opentelemetry-api-incubator-1.46.0-alpha.jar:/Users/vikash/.m2/repository/io/opentelemetry/opentelemetry-sdk-trace/1.46.0/opentelemetry-sdk-trace-1.46.0.jar:/Users/vikash/.m2/repository/io/opentelemetry/opentelemetry-sdk/1.46.0/opentelemetry-sdk-1.46.0.jar:/Users/vikash/.m2/repository/io/opentelemetry/opentelemetry-sdk-metrics/1.46.0/opentelemetry-sdk-metrics-1.46.0.jar:/Users/vikash/.m2/repository/io/opentelemetry/opentelemetry-sdk-logs/1.46.0/opentelemetry-sdk-logs-1.46.0.jar:/Users/vikash/.m2/repository/net/bytebuddy/byte-buddy/1.15.11/byte-buddy-1.15.11.jar:/Users/vikash/.m2/repository/org/seleniumhq/selenium/selenium-os/4.28.1/selenium-os-4.28.1.jar:/Users/vikash/.m2/repository/org/apache/commons/commons-exec/1.4.0/commons-exec-1.4.0.jar:/Users/vikash/.m2/repository/org/seleniumhq/selenium/selenium-safari-driver/4.28.1/selenium-safari-driver-4.28.1.jar:/Users/vikash/.m2/repository/org/seleniumhq/selenium/selenium-support/4.28.1/selenium-support-4.28.1.jar:/Users/vikash/.m2/repository/org/testng/testng/7.10.2/testng-7.10.2.jar:/Users/vikash/.m2/repository/org/slf4j/slf4j-api/1.7.36/slf4j-api-1.7.36.jar:/Users/vikash/.m2/repository/com/beust/jcommander/1.82/jcommander-1.82.jar:/Users/vikash/.m2/repository/org/webjars/jquery/3.7.1/jquery-3.7.1.jar:/Users/vikash/.m2/repository/org/apache/logging/log4j/log4j-api/2.24.3/log4j-api-2.24.3.jar:/Users/vikash/.m2/repository/org/apache/logging/log4j/log4j-core/2.24.3/log4j-core-2.24.3.jar:/Users/vikash/.m2/repository/org/apache/logging/log4j/log4j-slf4j-impl/2.24.3/log4j-slf4j-impl-2.24.3.jar:/Users/vikash/.m2/repository/com/aventstack/extentreports/5.1.2/extentreports-5.1.2.jar:/Users/vikash/.m2/repository/io/reactivex/rxjava3/rxjava/3.1.6/rxjava-3.1.6.jar:/Users/vikash/.m2/repository/org/reactivestreams/reactive-streams/1.0.4/reactive-streams-1.0.4.jar:/Users/vikash/.m2/repository/org/freemarker/freemarker/2.3.32/freemarker-2.3.32.jar:/Users/vikash/.m2/repository/org/projectlombok/lombok/1.18.26/lombok-1.18.26.jar:/Users/vikash/.m2/repository/com/google/code/gson/gson/2.10.1/gson-2.10.1.jar:/Users/vikash/.m2/repository/org/apache/commons/commons-lang3/3.12.0/commons-lang3-3.12.0.jar:"/>
    <property name="sun.cpu.endian" value="little"/>
    <property name="user.home" value="/Users/vikash"/>
    <property name="user.language" value="en"/>
    <property name="java.specification.vendor" value="Oracle Corporation"/>
    <property name="java.version.date" value="2024-09-17"/>
    <property name="java.home" value="/Library/Java/JavaVirtualMachines/jdk-23.jdk/Contents/Home"/>
    <property name="file.separator" value="/"/>
    <property name="basedir" value="/Users/vikash/eclipse-workspace/paraBankAutomation"/>
    <property name="style.color" value="always"/>
    <property name="java.vm.compressedOopsMode" value="Zero based"/>
    <property name="line.separator" value="&#10;"/>
    <property name="java.vm.specification.vendor" value="Oracle Corporation"/>
    <property name="java.specification.name" value="Java Platform API Specification"/>
    <property name="apple.awt.application.name" value="ForkedBooter"/>
    <property name="surefire.real.class.path" value="/Users/vikash/eclipse-workspace/paraBankAutomation/target/surefire/surefirebooter-20250215015931831_3.jar"/>
    <property name="sun.management.compiler" value="HotSpot 64-Bit Tiered Compilers"/>
    <property name="ftp.nonProxyHosts" value="local|*.local|169.254/16|*.169.254/16"/>
    <property name="java.runtime.version" value="23+37-2369"/>
    <property name="user.name" value="vikash"/>
    <property name="stdout.encoding" value="UTF-8"/>
    <property name="path.separator" value=":"/>
    <property name="os.version" value="15.2"/>
    <property name="java.runtime.name" value="Java(TM) SE Runtime Environment"/>
    <property name="file.encoding" value="UTF-8"/>
    <property name="java.vm.name" value="Java HotSpot(TM) 64-Bit Server VM"/>
    <property name="localRepository" value="/Users/vikash/.m2/repository"/>
    <property name="java.vendor.url.bug" value="https://bugreport.java.com/bugreport/"/>
    <property name="java.io.tmpdir" value="/var/folders/pm/b3r22brd1rq87vvgffklcqh80000gn/T/"/>
    <property name="java.version" value="23"/>
    <property name="user.dir" value="/Users/vikash/eclipse-workspace/paraBankAutomation"/>
    <property name="os.arch" value="aarch64"/>
    <property name="java.vm.specification.name" value="Java Virtual Machine Specification"/>
    <property name="native.encoding" value="UTF-8"/>
    <property name="java.library.path" value="/Users/vikash/Library/Java/Extensions:/Library/Java/Extensions:/Network/Library/Java/Extensions:/System/Library/Java/Extensions:/usr/lib/java:."/>
    <property name="java.vm.info" value="mixed mode, sharing"/>
    <property name="stderr.encoding" value="UTF-8"/>
    <property name="java.vendor" value="Oracle Corporation"/>
    <property name="java.vm.version" value="23+37-2369"/>
    <property name="sun.io.unicode.encoding" value="UnicodeBig"/>
    <property name="socksNonProxyHosts" value="local|*.local|169.254/16|*.169.254/16"/>
    <property name="java.class.version" value="67.0"/>
  </properties>
  <testcase name="to_Verify_Registration" classname="testCases.TC02_To_Verify_Registration" time="3.914">
    <system-err><![CDATA[Feb 15, 2025 1:59:39 AM org.openqa.selenium.devtools.CdpVersionFinder findNearestMatch
WARNING: Unable to find an exact match for CDP version 133, returning the closest version; found: 132; Please update to a Selenium version that supports CDP version 133
]]></system-err>
  </testcase>
  <testcase name="to_Verify_Login" classname="testCases.TC01_To_Verify_Login" time="1.334">
    <system-err><![CDATA[Feb 15, 2025 1:59:54 AM org.openqa.selenium.devtools.CdpVersionFinder findNearestMatch
WARNING: Unable to find an exact match for CDP version 133, returning the closest version; found: 132; Please update to a Selenium version that supports CDP version 133
]]></system-err>
  </testcase>
  <testcase name="to_Verify_Transfer_Funds" classname="testCases.TC03_To_Verify_Transfer_Funds" time="3.461">
    <system-err><![CDATA[Feb 15, 2025 2:00:05 AM org.openqa.selenium.devtools.CdpVersionFinder findNearestMatch
WARNING: Unable to find an exact match for CDP version 133, returning the closest version; found: 132; Please update to a Selenium version that supports CDP version 133
]]></system-err>
  </testcase>
</testsuite>