<?xml version="1.0" encoding="UTF-8"?>
<!-- Generated by org.testng.reporters.JUnitReportReporter -->
<testsuite hostname="vikashs-MacBook-Air.local" failures="0" tests="1" name="testCases.TC02_To_Verify_Registration" time="3.225" errors="0" timestamp="2025-02-15T01:28:11 IST" skipped="0">
  <testcase classname="testCases.TC02_To_Verify_Registration" name="to_Verify_Registration" time="3.225"/>
</testsuite> <!-- testCases.TC02_To_Verify_Registration -->
