<?xml version="1.0" encoding="UTF-8"?>
<!-- Generated by org.testng.reporters.JUnitReportReporter -->
<testsuite hostname="vikashs-MacBook-Air.local" failures="0" tests="1" name="testCases.TC03_To_Verify_Transfer_Funds" time="4.008" errors="0" timestamp="2025-02-15T01:28:11 IST" skipped="0">
  <testcase classname="testCases.TC03_To_Verify_Transfer_Funds" name="to_Verify_Transfer_Funds" time="4.008"/>
</testsuite> <!-- testCases.TC03_To_Verify_Transfer_Funds -->
