<?xml version="1.0" encoding="UTF-8"?>
<!-- Generated by org.testng.reporters.JUnitReportReporter -->
<testsuite hostname="vikashs-MacBook-Air.local" failures="0" tests="1" name="testCases.TC03_To_Verify_Transfer_Funds" time="3.462" errors="0" timestamp="2025-02-15T02:00:17 IST" skipped="0">
  <testcase classname="testCases.TC03_To_Verify_Transfer_Funds" name="to_Verify_Transfer_Funds" time="3.462"/>
</testsuite> <!-- testCases.TC03_To_Verify_Transfer_Funds -->
