<?xml version="1.0" encoding="UTF-8"?>
<!-- Generated by org.testng.reporters.JUnitReportReporter -->
<testsuite hostname="vikashs-MacBook-Air.local" failures="0" tests="1" name="testCases.TC01_To_Verify_Login" time="1.334" errors="0" timestamp="2025-02-15T02:00:17 IST" skipped="0">
  <testcase classname="testCases.TC01_To_Verify_Login" name="to_Verify_Login" time="1.334"/>
</testsuite> <!-- testCases.TC01_To_Verify_Login -->
